[+] Containers:
 |- [+] Container: /Game/MY3d/MAP/3dMap
 |   |- [+] ActorDescs:
 |   |   |- Guid:1C11F35947B3E0A8242C7F8795059E5D BaseClass: NativeClass:/Script/Engine.StaticMeshActor Name:StaticMeshActor_UAID_309C23D270F09FA701_1250797530 Label:SM_PuzzleCube_A6 SpatiallyLoaded:1 Bounds:IsValid=true, Min=(X=-7687.500 Y=-6907.500 Z=-1147.500), Max=(X=-7512.500 Y=-6732.500 Z=-972.500) RuntimeGrid:None EditorOnly:0 RuntimeOnly:0 HLODRelevant:1
 |   |   |- Guid:29B800EF41B0098C8362BA9ADB9AD679 BaseClass: NativeClass:/Script/Engine.StaticMeshActor Name:StaticMeshActor_UAID_309C23D270F09FA701_1243264527 Label:SM_PuzzleCube_A4 SpatiallyLoaded:1 Bounds:IsValid=true, Min=(X=-7697.500 Y=-6497.500 Z=-1147.500), Max=(X=-7522.500 Y=-6322.500 Z=-972.500) RuntimeGrid:None EditorOnly:0 RuntimeOnly:0 HLODRelevant:1
 |   |   |- Guid:3E2571A64D3620A66DEDC48484102937 BaseClass: NativeClass:/Script/Engine.StaticMeshActor Name:StaticMeshActor_UAID_309C23D270F0A0A701_1136882775 Label:SM_Kit_Floor6 SpatiallyLoaded:1 Bounds:IsValid=true, Min=(X=-10440.000 Y=-5027.115 Z=-1011.659), Max=(X=-9876.434 Y=-4463.542 Z=-976.833) RuntimeGrid:None EditorOnly:0 RuntimeOnly:0 HLODRelevant:1
 |   |   |- Guid:4B6C0B474A106F08565678B569DE6990 BaseClass: NativeClass:/Script/Engine.StaticMeshActor Name:StaticMeshActor_UAID_309C23D270F09EA701_2129401342 Label:SM_Kit_Floor3 SpatiallyLoaded:1 Bounds:IsValid=true, Min=(X=-8880.000 Y=-5885.877 Z=-981.659), Max=(X=-8367.266 Y=-5373.174 Z=-946.833) RuntimeGrid:None EditorOnly:0 RuntimeOnly:0 HLODRelevant:1
 |   |   |- Guid:4D99A0964EEE3AD4360C208D47B23B4D BaseClass: NativeClass:/Script/Engine.StaticMeshActor Name:StaticMeshActor_UAID_309C23D270F0A0A701_1328222779 Label:SM_Kit_Floor9 SpatiallyLoaded:1 Bounds:IsValid=true, Min=(X=-11200.000 Y=-5947.115 Z=-791.659), Max=(X=-10636.434 Y=-5383.542 Z=-756.833) RuntimeGrid:None EditorOnly:0 RuntimeOnly:0 HLODRelevant:1
 |   |   |- Guid:4F7A2135468F498F344425B621C2278D BaseClass: NativeClass:/Script/Engine.StaticMeshActor Name:StaticMeshActor_UAID_309C23D270F0A0A701_1168216776 Label:SM_Kit_Floor7 SpatiallyLoaded:1 Bounds:IsValid=true, Min=(X=-10690.000 Y=-5327.115 Z=-1011.659), Max=(X=-10126.434 Y=-4763.542 Z=-976.833) RuntimeGrid:None EditorOnly:0 RuntimeOnly:0 HLODRelevant:1
 |   |   |- Guid:4F98FC444A5FA27F69ADA08F51289795 BaseClass: NativeClass:/Script/Engine.StaticMeshActor Name:StaticMeshActor_UAID_309C23D270F09FA701_1243261525 Label:SM_PuzzleCube_A3 SpatiallyLoaded:1 Bounds:IsValid=true, Min=(X=-7847.500 Y=-6497.500 Z=-1147.500), Max=(X=-7672.500 Y=-6322.500 Z=-972.500) RuntimeGrid:None EditorOnly:0 RuntimeOnly:0 HLODRelevant:1
 |   |   |- Guid:52FDC0784EC3ECA680F768AEC72BC28F BaseClass: NativeClass:/Script/Engine.StaticMeshActor Name:StaticMeshActor_UAID_309C23D270F09EA701_1499975331 Label:SM_FloatingIsland_S2 SpatiallyLoaded:1 Bounds:IsValid=true, Min=(X=-10164.907 Y=-4272.648 Z=-1938.078), Max=(X=-8490.597 Y=-2970.901 Z=-980.142) RuntimeGrid:None EditorOnly:0 RuntimeOnly:0 HLODRelevant:1
 |   |   |- Guid:6BDD60044B9DA1476A246F940C79C7D7 BaseClass: NativeClass:/Script/Engine.StaticMeshActor Name:StaticMeshActor_UAID_309C23D270F0A0A701_1100498774 Label:SM_Kit_Floor5 SpatiallyLoaded:1 Bounds:IsValid=true, Min=(X=-10180.000 Y=-4727.115 Z=-1011.659), Max=(X=-9616.434 Y=-4163.542 Z=-976.833) RuntimeGrid:None EditorOnly:0 RuntimeOnly:0 HLODRelevant:1
 |   |   |- Guid:6CE3ABFC430C61950615BFBF1FC064ED BaseClass: NativeClass:/Script/Engine.StaticMeshActor Name:StaticMeshActor_UAID_309C23D270F09EA701_1438404329 Label:SM_FloatingIsland_L SpatiallyLoaded:1 Bounds:IsValid=true, Min=(X=-7150.549 Y=-6282.370 Z=-4592.432), Max=(X=-1212.919 Y=-1736.557 Z=-930.135) RuntimeGrid:None EditorOnly:0 RuntimeOnly:0 HLODRelevant:1
 |   |   |- Guid:6E3F33CB4539CE683C5DF5B2C16AF68E BaseClass: NativeClass:/Script/Engine.SkyAtmosphere Name:SkyAtmosphere_UAID_309C23D270F044A701_2049820482 Label:SkyAtmosphere SpatiallyLoaded:0 Bounds:IsValid=true, Min=(X=130.000 Y=-1520.000 Z=500.000), Max=(X=130.000 Y=-1520.000 Z=500.000) RuntimeGrid:None EditorOnly:0 RuntimeOnly:0 HLODRelevant:0 FolderPath:Lighting FolderGuid:C6A963E74FB4922F7732399FA735A72D
 |   |   |- Guid:728C395A4A0A7C790DF14395ECBFEC42 BaseClass: NativeClass:/Script/Engine.VolumetricCloud Name:VolumetricCloud_UAID_309C23D270F044A701_2080088484 Label:VolumetricCloud SpatiallyLoaded:0 Bounds:IsValid=true, Min=(X=130.000 Y=-1520.000 Z=700.000), Max=(X=130.000 Y=-1520.000 Z=700.000) RuntimeGrid:None EditorOnly:0 RuntimeOnly:0 HLODRelevant:0 FolderPath:Lighting FolderGuid:C6A963E74FB4922F7732399FA735A72D
 |   |   |- Guid:7C0643FE4F3422CBDFE080A6E3B9249A BaseClass: NativeClass:/Script/Engine.StaticMeshActor Name:StaticMeshActor_UAID_309C23D270F0A0A701_1214193777 Label:SM_Kit_Wall_Straight SpatiallyLoaded:1 Bounds:IsValid=true, Min=(X=-10707.625 Y=-5353.476 Z=-1160.000), Max=(X=-10364.804 Y=-5056.659 Z=-760.000) RuntimeGrid:None EditorOnly:0 RuntimeOnly:0 HLODRelevant:1
 |   |   |- Guid:9031C1DA4CA53E591B9B5D86CCDD7E0F BaseClass: NativeClass:/Script/Engine.StaticMeshActor Name:StaticMeshActor_UAID_309C23D270F09EA701_1814348334 Label:SM_Kit_Floor2 SpatiallyLoaded:1 Bounds:IsValid=true, Min=(X=-8460.000 Y=-5205.877 Z=-981.659), Max=(X=-7947.266 Y=-4693.174 Z=-946.833) RuntimeGrid:None EditorOnly:0 RuntimeOnly:0 HLODRelevant:1
 |   |   |- Guid:987D90184DD65736CA1B4BB3EF25B4BC BaseClass: NativeClass:/Script/Engine.ExponentialHeightFog Name:ExponentialHeightFog_UAID_309C23D270F044A701_2066707483 Label:ExponentialHeightFog SpatiallyLoaded:0 Bounds:IsValid=true, Min=(X=130.000 Y=-1520.000 Z=600.000), Max=(X=130.000 Y=-1520.000 Z=600.000) RuntimeGrid:None EditorOnly:0 RuntimeOnly:0 HLODRelevant:0 FolderPath:Lighting FolderGuid:C6A963E74FB4922F7732399FA735A72D
 |   |   |- Guid:A158327D4B8C59D804D17399344F32ED BaseClass: NativeClass:/Script/Engine.StaticMeshActor Name:StaticMeshActor_UAID_309C23D270F09FA701_1076372519 Label:SM_Kit_Floor4 SpatiallyLoaded:1 Bounds:IsValid=true, Min=(X=-7980.000 Y=-5740.000 Z=-991.659), Max=(X=-7580.000 Y=-5339.948 Z=-956.833) RuntimeGrid:None EditorOnly:0 RuntimeOnly:0 HLODRelevant:1
 |   |   |- Guid:B34E83CB48361A091982CAB99D9D97F7 BaseClass: NativeClass:/Script/Engine.SkyLight Name:SkyLight_UAID_309C23D270F049A701_1147179369 Label:SkyLight SpatiallyLoaded:0 Bounds:IsValid=true, Min=(X=130.000 Y=-1520.000 Z=260.000), Max=(X=130.000 Y=-1520.000 Z=260.000) RuntimeGrid:None EditorOnly:0 RuntimeOnly:0 HLODRelevant:0 FolderPath:Lighting FolderGuid:C6A963E74FB4922F7732399FA735A72D
 |   |   |- Guid:BDCE03F748277C3EE03EFFBE16E9BECB BaseClass: NativeClass:/Script/Engine.PlayerStart Name:PlayerStart_UAID_309C23D270F09EA701_1520597332 Label:PlayerStart SpatiallyLoaded:0 Bounds:IsValid=true, Min=(X=-4120.000 Y=-3270.000 Z=-930.000), Max=(X=-4040.000 Y=-3190.000 Z=-746.000) RuntimeGrid:None EditorOnly:0 RuntimeOnly:0 HLODRelevant:0
 |   |   |- Guid:C9C2041140A8518E3BEBC6AB13CF59A7 BaseClass: NativeClass:/Script/Engine.WorldDataLayers Name:WorldDataLayers Label:WorldDataLayers SpatiallyLoaded:0 Bounds:IsValid=true, Min=(X=0.000 Y=0.000 Z=0.000), Max=(X=0.000 Y=0.000 Z=0.000) RuntimeGrid:None EditorOnly:0 RuntimeOnly:0 HLODRelevant:0
 |   |   |- Guid:D3A5C5B44E276DC5845243AE99FE1C30 BaseClass: NativeClass:/Script/Engine.StaticMeshActor Name:StaticMeshActor_UAID_309C23D270F09FA701_1210108523 Label:SM_PuzzleCube_A2 SpatiallyLoaded:1 Bounds:IsValid=true, Min=(X=-7707.500 Y=-6107.500 Z=-1147.500), Max=(X=-7532.500 Y=-5932.500 Z=-972.500) RuntimeGrid:None EditorOnly:0 RuntimeOnly:0 HLODRelevant:1
 |   |   |- Guid:DCCF62164E0A211F86BD0F98962B9CA0 BaseClass: NativeClass:/Script/Engine.StaticMeshActor Name:StaticMeshActor_UAID_309C23D270F09FA701_1759709595 Label:SM_Platform_M_A SpatiallyLoaded:1 Bounds:IsValid=true, Min=(X=-8236.156 Y=-8266.295 Z=-1071.304), Max=(X=-7045.332 Y=-7075.471 Z=-928.507) RuntimeGrid:None EditorOnly:0 RuntimeOnly:0 HLODRelevant:1
 |   |   |- Guid:DD34B67742BC015A2F3769A6DBBD35D1 BaseClass: NativeClass:/Script/Engine.StaticMeshActor Name:StaticMeshActor_UAID_309C23D270F09EA701_1646180333 Label:SM_Kit_Floor SpatiallyLoaded:1 Bounds:IsValid=true, Min=(X=-8930.000 Y=-4825.877 Z=-981.659), Max=(X=-8417.266 Y=-4313.174 Z=-946.833) RuntimeGrid:None EditorOnly:0 RuntimeOnly:0 HLODRelevant:1
 |   |   |- Guid:E789AD824844F5FBD4D8C8B9664B6FBC BaseClass: NativeClass:/Script/Engine.StaticMeshActor Name:StaticMeshActor_UAID_309C23D270F0A0A701_1301455778 Label:SM_Kit_Floor8 SpatiallyLoaded:1 Bounds:IsValid=true, Min=(X=-10950.000 Y=-5647.115 Z=-791.659), Max=(X=-10386.434 Y=-5083.542 Z=-756.833) RuntimeGrid:None EditorOnly:0 RuntimeOnly:0 HLODRelevant:1
 |   |   |- Guid:F2337D3B450FCEC51C6FBAA4CF0D9066 BaseClass: NativeClass:/Script/Engine.StaticMeshActor Name:StaticMeshActor_UAID_309C23D270F09FA701_1189129522 Label:SM_PuzzleCube_A SpatiallyLoaded:1 Bounds:IsValid=true, Min=(X=-7857.500 Y=-6107.500 Z=-1147.500), Max=(X=-7682.500 Y=-5932.500 Z=-972.500) RuntimeGrid:None EditorOnly:0 RuntimeOnly:0 HLODRelevant:1
 |   |   |- Guid:F3ED575E448370075A2425A6DAD58670 BaseClass: NativeClass:/Script/Engine.StaticMeshActor Name:StaticMeshActor_UAID_309C23D270F09EA701_1454487330 Label:SM_FloatingIsland_S SpatiallyLoaded:1 Bounds:IsValid=true, Min=(X=-8239.068 Y=-3476.324 Z=-1552.037), Max=(X=-7331.459 Y=-2825.450 Z=-934.975) RuntimeGrid:None EditorOnly:0 RuntimeOnly:0 HLODRelevant:1
 |   |   |- Guid:F4D420F74CF72382045D8F8582CE6987 BaseClass: NativeClass:/Script/Engine.DirectionalLight Name:DirectionalLight_UAID_309C23D270F044A701_2024531481 Label:DirectionalLight SpatiallyLoaded:0 Bounds:IsValid=true, Min=(X=-4398046511104.000 Y=-4398046511104.000 Z=-4398046511104.000), Max=(X=4398046511104.000 Y=4398046511104.000 Z=4398046511104.000) RuntimeGrid:None EditorOnly:0 RuntimeOnly:0 HLODRelevant:0 FolderPath:Lighting FolderGuid:C6A963E74FB4922F7732399FA735A72D
 |   |   |- Guid:F68734034C43C8EE091A689B099DC396 BaseClass: NativeClass:/Script/Engine.StaticMeshActor Name:StaticMeshActor_UAID_309C23D270F09FA701_1250794528 Label:SM_PuzzleCube_A5 SpatiallyLoaded:1 Bounds:IsValid=true, Min=(X=-7837.500 Y=-6907.500 Z=-1147.500), Max=(X=-7662.500 Y=-6732.500 Z=-972.500) RuntimeGrid:None EditorOnly:0 RuntimeOnly:0 HLODRelevant:1
 |   |- [+] Clusters:
 |   |   |- [+] [  0]
 |   |   |   |- Guid:52FDC0784EC3ECA680F768AEC72BC28F BaseClass: NativeClass:/Script/Engine.StaticMeshActor Name:StaticMeshActor_UAID_309C23D270F09EA701_1499975331 Label:SM_FloatingIsland_S2 SpatiallyLoaded:1 Bounds:IsValid=true, Min=(X=-10164.907 Y=-4272.648 Z=-1938.078), Max=(X=-8490.597 Y=-2970.901 Z=-980.142) RuntimeGrid:None EditorOnly:0 RuntimeOnly:0 HLODRelevant:1
 |   |   |- [+] [  1]
 |   |   |   |- Guid:9031C1DA4CA53E591B9B5D86CCDD7E0F BaseClass: NativeClass:/Script/Engine.StaticMeshActor Name:StaticMeshActor_UAID_309C23D270F09EA701_1814348334 Label:SM_Kit_Floor2 SpatiallyLoaded:1 Bounds:IsValid=true, Min=(X=-8460.000 Y=-5205.877 Z=-981.659), Max=(X=-7947.266 Y=-4693.174 Z=-946.833) RuntimeGrid:None EditorOnly:0 RuntimeOnly:0 HLODRelevant:1
 |   |   |- [+] [  2]
 |   |   |   |- Guid:DD34B67742BC015A2F3769A6DBBD35D1 BaseClass: NativeClass:/Script/Engine.StaticMeshActor Name:StaticMeshActor_UAID_309C23D270F09EA701_1646180333 Label:SM_Kit_Floor SpatiallyLoaded:1 Bounds:IsValid=true, Min=(X=-8930.000 Y=-4825.877 Z=-981.659), Max=(X=-8417.266 Y=-4313.174 Z=-946.833) RuntimeGrid:None EditorOnly:0 RuntimeOnly:0 HLODRelevant:1
 |   |   |- [+] [  3]
 |   |   |   |- Guid:6E3F33CB4539CE683C5DF5B2C16AF68E BaseClass: NativeClass:/Script/Engine.SkyAtmosphere Name:SkyAtmosphere_UAID_309C23D270F044A701_2049820482 Label:SkyAtmosphere SpatiallyLoaded:0 Bounds:IsValid=true, Min=(X=130.000 Y=-1520.000 Z=500.000), Max=(X=130.000 Y=-1520.000 Z=500.000) RuntimeGrid:None EditorOnly:0 RuntimeOnly:0 HLODRelevant:0 FolderPath:Lighting FolderGuid:C6A963E74FB4922F7732399FA735A72D
 |   |   |- [+] [  4]
 |   |   |   |- Guid:1C11F35947B3E0A8242C7F8795059E5D BaseClass: NativeClass:/Script/Engine.StaticMeshActor Name:StaticMeshActor_UAID_309C23D270F09FA701_1250797530 Label:SM_PuzzleCube_A6 SpatiallyLoaded:1 Bounds:IsValid=true, Min=(X=-7687.500 Y=-6907.500 Z=-1147.500), Max=(X=-7512.500 Y=-6732.500 Z=-972.500) RuntimeGrid:None EditorOnly:0 RuntimeOnly:0 HLODRelevant:1
 |   |   |- [+] [  5]
 |   |   |   |- Guid:F2337D3B450FCEC51C6FBAA4CF0D9066 BaseClass: NativeClass:/Script/Engine.StaticMeshActor Name:StaticMeshActor_UAID_309C23D270F09FA701_1189129522 Label:SM_PuzzleCube_A SpatiallyLoaded:1 Bounds:IsValid=true, Min=(X=-7857.500 Y=-6107.500 Z=-1147.500), Max=(X=-7682.500 Y=-5932.500 Z=-972.500) RuntimeGrid:None EditorOnly:0 RuntimeOnly:0 HLODRelevant:1
 |   |   |- [+] [  6]
 |   |   |   |- Guid:4B6C0B474A106F08565678B569DE6990 BaseClass: NativeClass:/Script/Engine.StaticMeshActor Name:StaticMeshActor_UAID_309C23D270F09EA701_2129401342 Label:SM_Kit_Floor3 SpatiallyLoaded:1 Bounds:IsValid=true, Min=(X=-8880.000 Y=-5885.877 Z=-981.659), Max=(X=-8367.266 Y=-5373.174 Z=-946.833) RuntimeGrid:None EditorOnly:0 RuntimeOnly:0 HLODRelevant:1
 |   |   |- [+] [  7]
 |   |   |   |- Guid:BDCE03F748277C3EE03EFFBE16E9BECB BaseClass: NativeClass:/Script/Engine.PlayerStart Name:PlayerStart_UAID_309C23D270F09EA701_1520597332 Label:PlayerStart SpatiallyLoaded:0 Bounds:IsValid=true, Min=(X=-4120.000 Y=-3270.000 Z=-930.000), Max=(X=-4040.000 Y=-3190.000 Z=-746.000) RuntimeGrid:None EditorOnly:0 RuntimeOnly:0 HLODRelevant:0
 |   |   |- [+] [  8]
 |   |   |   |- Guid:F68734034C43C8EE091A689B099DC396 BaseClass: NativeClass:/Script/Engine.StaticMeshActor Name:StaticMeshActor_UAID_309C23D270F09FA701_1250794528 Label:SM_PuzzleCube_A5 SpatiallyLoaded:1 Bounds:IsValid=true, Min=(X=-7837.500 Y=-6907.500 Z=-1147.500), Max=(X=-7662.500 Y=-6732.500 Z=-972.500) RuntimeGrid:None EditorOnly:0 RuntimeOnly:0 HLODRelevant:1
 |   |   |- [+] [  9]
 |   |   |   |- Guid:F4D420F74CF72382045D8F8582CE6987 BaseClass: NativeClass:/Script/Engine.DirectionalLight Name:DirectionalLight_UAID_309C23D270F044A701_2024531481 Label:DirectionalLight SpatiallyLoaded:0 Bounds:IsValid=true, Min=(X=-4398046511104.000 Y=-4398046511104.000 Z=-4398046511104.000), Max=(X=4398046511104.000 Y=4398046511104.000 Z=4398046511104.000) RuntimeGrid:None EditorOnly:0 RuntimeOnly:0 HLODRelevant:0 FolderPath:Lighting FolderGuid:C6A963E74FB4922F7732399FA735A72D
 |   |   |- [+] [ 10]
 |   |   |   |- Guid:F3ED575E448370075A2425A6DAD58670 BaseClass: NativeClass:/Script/Engine.StaticMeshActor Name:StaticMeshActor_UAID_309C23D270F09EA701_1454487330 Label:SM_FloatingIsland_S SpatiallyLoaded:1 Bounds:IsValid=true, Min=(X=-8239.068 Y=-3476.324 Z=-1552.037), Max=(X=-7331.459 Y=-2825.450 Z=-934.975) RuntimeGrid:None EditorOnly:0 RuntimeOnly:0 HLODRelevant:1
 |   |   |- [+] [ 11]
 |   |   |   |- Guid:6CE3ABFC430C61950615BFBF1FC064ED BaseClass: NativeClass:/Script/Engine.StaticMeshActor Name:StaticMeshActor_UAID_309C23D270F09EA701_1438404329 Label:SM_FloatingIsland_L SpatiallyLoaded:1 Bounds:IsValid=true, Min=(X=-7150.549 Y=-6282.370 Z=-4592.432), Max=(X=-1212.919 Y=-1736.557 Z=-930.135) RuntimeGrid:None EditorOnly:0 RuntimeOnly:0 HLODRelevant:1
 |   |   |- [+] [ 12]
 |   |   |   |- Guid:728C395A4A0A7C790DF14395ECBFEC42 BaseClass: NativeClass:/Script/Engine.VolumetricCloud Name:VolumetricCloud_UAID_309C23D270F044A701_2080088484 Label:VolumetricCloud SpatiallyLoaded:0 Bounds:IsValid=true, Min=(X=130.000 Y=-1520.000 Z=700.000), Max=(X=130.000 Y=-1520.000 Z=700.000) RuntimeGrid:None EditorOnly:0 RuntimeOnly:0 HLODRelevant:0 FolderPath:Lighting FolderGuid:C6A963E74FB4922F7732399FA735A72D
 |   |   |- [+] [ 13]
 |   |   |   |- Guid:B34E83CB48361A091982CAB99D9D97F7 BaseClass: NativeClass:/Script/Engine.SkyLight Name:SkyLight_UAID_309C23D270F049A701_1147179369 Label:SkyLight SpatiallyLoaded:0 Bounds:IsValid=true, Min=(X=130.000 Y=-1520.000 Z=260.000), Max=(X=130.000 Y=-1520.000 Z=260.000) RuntimeGrid:None EditorOnly:0 RuntimeOnly:0 HLODRelevant:0 FolderPath:Lighting FolderGuid:C6A963E74FB4922F7732399FA735A72D
 |   |   |- [+] [ 14]
 |   |   |   |- Guid:4F98FC444A5FA27F69ADA08F51289795 BaseClass: NativeClass:/Script/Engine.StaticMeshActor Name:StaticMeshActor_UAID_309C23D270F09FA701_1243261525 Label:SM_PuzzleCube_A3 SpatiallyLoaded:1 Bounds:IsValid=true, Min=(X=-7847.500 Y=-6497.500 Z=-1147.500), Max=(X=-7672.500 Y=-6322.500 Z=-972.500) RuntimeGrid:None EditorOnly:0 RuntimeOnly:0 HLODRelevant:1
 |   |   |- [+] [ 15]
 |   |   |   |- Guid:987D90184DD65736CA1B4BB3EF25B4BC BaseClass: NativeClass:/Script/Engine.ExponentialHeightFog Name:ExponentialHeightFog_UAID_309C23D270F044A701_2066707483 Label:ExponentialHeightFog SpatiallyLoaded:0 Bounds:IsValid=true, Min=(X=130.000 Y=-1520.000 Z=600.000), Max=(X=130.000 Y=-1520.000 Z=600.000) RuntimeGrid:None EditorOnly:0 RuntimeOnly:0 HLODRelevant:0 FolderPath:Lighting FolderGuid:C6A963E74FB4922F7732399FA735A72D
 |   |   |- [+] [ 16]
 |   |   |   |- Guid:A158327D4B8C59D804D17399344F32ED BaseClass: NativeClass:/Script/Engine.StaticMeshActor Name:StaticMeshActor_UAID_309C23D270F09FA701_1076372519 Label:SM_Kit_Floor4 SpatiallyLoaded:1 Bounds:IsValid=true, Min=(X=-7980.000 Y=-5740.000 Z=-991.659), Max=(X=-7580.000 Y=-5339.948 Z=-956.833) RuntimeGrid:None EditorOnly:0 RuntimeOnly:0 HLODRelevant:1
 |   |   |- [+] [ 17]
 |   |   |   |- Guid:C9C2041140A8518E3BEBC6AB13CF59A7 BaseClass: NativeClass:/Script/Engine.WorldDataLayers Name:WorldDataLayers Label:WorldDataLayers SpatiallyLoaded:0 Bounds:IsValid=true, Min=(X=0.000 Y=0.000 Z=0.000), Max=(X=0.000 Y=0.000 Z=0.000) RuntimeGrid:None EditorOnly:0 RuntimeOnly:0 HLODRelevant:0
 |   |   |- [+] [ 18]
 |   |   |   |- Guid:D3A5C5B44E276DC5845243AE99FE1C30 BaseClass: NativeClass:/Script/Engine.StaticMeshActor Name:StaticMeshActor_UAID_309C23D270F09FA701_1210108523 Label:SM_PuzzleCube_A2 SpatiallyLoaded:1 Bounds:IsValid=true, Min=(X=-7707.500 Y=-6107.500 Z=-1147.500), Max=(X=-7532.500 Y=-5932.500 Z=-972.500) RuntimeGrid:None EditorOnly:0 RuntimeOnly:0 HLODRelevant:1
 |   |   |- [+] [ 19]
 |   |   |   |- Guid:29B800EF41B0098C8362BA9ADB9AD679 BaseClass: NativeClass:/Script/Engine.StaticMeshActor Name:StaticMeshActor_UAID_309C23D270F09FA701_1243264527 Label:SM_PuzzleCube_A4 SpatiallyLoaded:1 Bounds:IsValid=true, Min=(X=-7697.500 Y=-6497.500 Z=-1147.500), Max=(X=-7522.500 Y=-6322.500 Z=-972.500) RuntimeGrid:None EditorOnly:0 RuntimeOnly:0 HLODRelevant:1
 |   |   |- [+] [ 20]
 |   |   |   |- Guid:DCCF62164E0A211F86BD0F98962B9CA0 BaseClass: NativeClass:/Script/Engine.StaticMeshActor Name:StaticMeshActor_UAID_309C23D270F09FA701_1759709595 Label:SM_Platform_M_A SpatiallyLoaded:1 Bounds:IsValid=true, Min=(X=-8236.156 Y=-8266.295 Z=-1071.304), Max=(X=-7045.332 Y=-7075.471 Z=-928.507) RuntimeGrid:None EditorOnly:0 RuntimeOnly:0 HLODRelevant:1
 |   |   |- [+] [ 21]
 |   |   |   |- Guid:7C0643FE4F3422CBDFE080A6E3B9249A BaseClass: NativeClass:/Script/Engine.StaticMeshActor Name:StaticMeshActor_UAID_309C23D270F0A0A701_1214193777 Label:SM_Kit_Wall_Straight SpatiallyLoaded:1 Bounds:IsValid=true, Min=(X=-10707.625 Y=-5353.476 Z=-1160.000), Max=(X=-10364.804 Y=-5056.659 Z=-760.000) RuntimeGrid:None EditorOnly:0 RuntimeOnly:0 HLODRelevant:1
 |   |   |- [+] [ 22]
 |   |   |   |- Guid:4D99A0964EEE3AD4360C208D47B23B4D BaseClass: NativeClass:/Script/Engine.StaticMeshActor Name:StaticMeshActor_UAID_309C23D270F0A0A701_1328222779 Label:SM_Kit_Floor9 SpatiallyLoaded:1 Bounds:IsValid=true, Min=(X=-11200.000 Y=-5947.115 Z=-791.659), Max=(X=-10636.434 Y=-5383.542 Z=-756.833) RuntimeGrid:None EditorOnly:0 RuntimeOnly:0 HLODRelevant:1
 |   |   |- [+] [ 23]
 |   |   |   |- Guid:3E2571A64D3620A66DEDC48484102937 BaseClass: NativeClass:/Script/Engine.StaticMeshActor Name:StaticMeshActor_UAID_309C23D270F0A0A701_1136882775 Label:SM_Kit_Floor6 SpatiallyLoaded:1 Bounds:IsValid=true, Min=(X=-10440.000 Y=-5027.115 Z=-1011.659), Max=(X=-9876.434 Y=-4463.542 Z=-976.833) RuntimeGrid:None EditorOnly:0 RuntimeOnly:0 HLODRelevant:1
 |   |   |- [+] [ 24]
 |   |   |   |- Guid:E789AD824844F5FBD4D8C8B9664B6FBC BaseClass: NativeClass:/Script/Engine.StaticMeshActor Name:StaticMeshActor_UAID_309C23D270F0A0A701_1301455778 Label:SM_Kit_Floor8 SpatiallyLoaded:1 Bounds:IsValid=true, Min=(X=-10950.000 Y=-5647.115 Z=-791.659), Max=(X=-10386.434 Y=-5083.542 Z=-756.833) RuntimeGrid:None EditorOnly:0 RuntimeOnly:0 HLODRelevant:1
 |   |   |- [+] [ 25]
 |   |   |   |- Guid:4F7A2135468F498F344425B621C2278D BaseClass: NativeClass:/Script/Engine.StaticMeshActor Name:StaticMeshActor_UAID_309C23D270F0A0A701_1168216776 Label:SM_Kit_Floor7 SpatiallyLoaded:1 Bounds:IsValid=true, Min=(X=-10690.000 Y=-5327.115 Z=-1011.659), Max=(X=-10126.434 Y=-4763.542 Z=-976.833) RuntimeGrid:None EditorOnly:0 RuntimeOnly:0 HLODRelevant:1
 |   |   |- [+] [ 26]
 |   |   |   |- Guid:6BDD60044B9DA1476A246F940C79C7D7 BaseClass: NativeClass:/Script/Engine.StaticMeshActor Name:StaticMeshActor_UAID_309C23D270F0A0A701_1100498774 Label:SM_Kit_Floor5 SpatiallyLoaded:1 Bounds:IsValid=true, Min=(X=-10180.000 Y=-4727.115 Z=-1011.659), Max=(X=-9616.434 Y=-4163.542 Z=-976.833) RuntimeGrid:None EditorOnly:0 RuntimeOnly:0 HLODRelevant:1
 |- ContainerInstances:
 |- [+] MainContainer:
 |   |-        ID: 0x0000000000000000
 |   |-    Bounds: IsValid=true, Min=(X=-11200.000 Y=-8266.295 Z=-4592.432), Max=(X=-1212.919 Y=-1736.557 Z=-756.833)
 |   |- Transform: 0.000000,0.000000,0.000000|0.000000,0.000000,-0.000000|1.000000,1.000000,1.000000
 |   |- Container: /Game/MY3d/MAP/3dMap
----------------------------------------------------------------------------------------------------------------
3dMap - Persistent Level
----------------------------------------------------------------------------------------------------------------
Always loaded Actor Count: 37 

----------------------------------------------------------------------------------------------------------------
3dMap - Runtime Spatial Hash - Streaming Grid - MainGrid
----------------------------------------------------------------------------------------------------------------
            Origin: X=0.000 Y=0.000 Z=0.000
         Cell Size: 12800
      World Bounds: IsValid=true, Min=(X=-11200.000 Y=-8266.295 Z=-4592.432), Max=(X=-1212.919 Y=-1736.557 Z=-756.833)
     Loading Range: 25600.00
Block Slow Loading: No
 ClientOnlyVisible: No

[+] Grid Levels: 2
 |- Level  0: Cell Count    1 | Cell Size   12800 | Actor Count   20 (100.0%)
 |- Level  1: Cell Count    0 | Cell Size   25600 | Actor Count    0 (0.0%)

[+] Content of Grid Level 0
 |- [+] Content of Cell MainGrid_L0_X-1_Y-1
 |   |- Actor Count: 20
 |   |- Actor Path: /Game/MY3d/MAP/3dMap.3dMap:PersistentLevel.StaticMeshActor_UAID_309C23D270F09EA701_1499975331
 |   |- Actor Package: /Game/__ExternalActors__/MY3d/MAP/3dMap/5/DL/GF9ZZZ7DO0M2NH0HPXU9T7
 |   |- Actor Path: /Game/MY3d/MAP/3dMap.3dMap:PersistentLevel.StaticMeshActor_UAID_309C23D270F09EA701_1814348334
 |   |- Actor Package: /Game/__ExternalActors__/MY3d/MAP/3dMap/7/YQ/2U3AJIGAOWI6XYK1EYLFQ9
 |   |- Actor Path: /Game/MY3d/MAP/3dMap.3dMap:PersistentLevel.StaticMeshActor_UAID_309C23D270F09EA701_1646180333
 |   |- Actor Package: /Game/__ExternalActors__/MY3d/MAP/3dMap/3/SQ/SQTJKGHL8L55DQXIIFIKFJ
 |   |- Actor Path: /Game/MY3d/MAP/3dMap.3dMap:PersistentLevel.StaticMeshActor_UAID_309C23D270F09FA701_1250797530
 |   |- Actor Package: /Game/__ExternalActors__/MY3d/MAP/3dMap/E/SN/L8YD2RK5PQK1YD51EJKEYH
 |   |- Actor Path: /Game/MY3d/MAP/3dMap.3dMap:PersistentLevel.StaticMeshActor_UAID_309C23D270F09FA701_1189129522
 |   |- Actor Package: /Game/__ExternalActors__/MY3d/MAP/3dMap/0/Z1/J6MVGUQO7KSF1RH3XISXER
 |   |- Actor Path: /Game/MY3d/MAP/3dMap.3dMap:PersistentLevel.StaticMeshActor_UAID_309C23D270F09EA701_2129401342
 |   |- Actor Package: /Game/__ExternalActors__/MY3d/MAP/3dMap/B/55/6SKBUJ91LC2XVR7MWDSD98
 |   |- Actor Path: /Game/MY3d/MAP/3dMap.3dMap:PersistentLevel.StaticMeshActor_UAID_309C23D270F09FA701_1250794528
 |   |- Actor Package: /Game/__ExternalActors__/MY3d/MAP/3dMap/F/44/3U1GW9VEAD2YX29Q0SW4DF
 |   |- Actor Path: /Game/MY3d/MAP/3dMap.3dMap:PersistentLevel.StaticMeshActor_UAID_309C23D270F09EA701_1454487330
 |   |- Actor Package: /Game/__ExternalActors__/MY3d/MAP/3dMap/1/QD/BP47L8PA0CJYL5SFECZMD1
 |   |- Actor Path: /Game/MY3d/MAP/3dMap.3dMap:PersistentLevel.StaticMeshActor_UAID_309C23D270F09EA701_1438404329
 |   |- Actor Package: /Game/__ExternalActors__/MY3d/MAP/3dMap/9/F9/QI7GEZS4XUPXO9RZBKD3AC
 |   |- Actor Path: /Game/MY3d/MAP/3dMap.3dMap:PersistentLevel.StaticMeshActor_UAID_309C23D270F09FA701_1243261525
 |   |- Actor Package: /Game/__ExternalActors__/MY3d/MAP/3dMap/D/6E/F1I6QOW45ATJ9KZGTEY7L2
 |   |- Actor Path: /Game/MY3d/MAP/3dMap.3dMap:PersistentLevel.StaticMeshActor_UAID_309C23D270F09FA701_1076372519
 |   |- Actor Package: /Game/__ExternalActors__/MY3d/MAP/3dMap/A/VW/OFAHVC5PRWQDFH3EJGFDTP
 |   |- Actor Path: /Game/MY3d/MAP/3dMap.3dMap:PersistentLevel.StaticMeshActor_UAID_309C23D270F09FA701_1210108523
 |   |- Actor Package: /Game/__ExternalActors__/MY3d/MAP/3dMap/F/21/K8Q6BEDWKVZO5P83OFI1HN
 |   |- Actor Path: /Game/MY3d/MAP/3dMap.3dMap:PersistentLevel.StaticMeshActor_UAID_309C23D270F09FA701_1243264527
 |   |- Actor Package: /Game/__ExternalActors__/MY3d/MAP/3dMap/7/K8/HN143GQM33STM42WGAFGOP
 |   |- Actor Path: /Game/MY3d/MAP/3dMap.3dMap:PersistentLevel.StaticMeshActor_UAID_309C23D270F09FA701_1759709595
 |   |- Actor Package: /Game/__ExternalActors__/MY3d/MAP/3dMap/3/JS/S83Y3RL2GKDOQ7WTOFBWFR
 |   |- Actor Path: /Game/MY3d/MAP/3dMap.3dMap:PersistentLevel.StaticMeshActor_UAID_309C23D270F0A0A701_1214193777
 |   |- Actor Package: /Game/__ExternalActors__/MY3d/MAP/3dMap/4/14/YF4012G06YHRTL0HRNEDGG
 |   |- Actor Path: /Game/MY3d/MAP/3dMap.3dMap:PersistentLevel.StaticMeshActor_UAID_309C23D270F0A0A701_1328222779
 |   |- Actor Package: /Game/__ExternalActors__/MY3d/MAP/3dMap/D/8T/4WJYFG2DEGW3XQEVIV6CDE
 |   |- Actor Path: /Game/MY3d/MAP/3dMap.3dMap:PersistentLevel.StaticMeshActor_UAID_309C23D270F0A0A701_1136882775
 |   |- Actor Package: /Game/__ExternalActors__/MY3d/MAP/3dMap/6/2Z/1H53GIUJT1H8NAV7X8H28H
 |   |- Actor Path: /Game/MY3d/MAP/3dMap.3dMap:PersistentLevel.StaticMeshActor_UAID_309C23D270F0A0A701_1301455778
 |   |- Actor Package: /Game/__ExternalActors__/MY3d/MAP/3dMap/5/SX/FZ0NNCTBDO7OT9IBAAYYDD
 |   |- Actor Path: /Game/MY3d/MAP/3dMap.3dMap:PersistentLevel.StaticMeshActor_UAID_309C23D270F0A0A701_1168216776
 |   |- Actor Package: /Game/__ExternalActors__/MY3d/MAP/3dMap/3/AF/8BMD09OOMQ1B4L3EERBF59
 |   |- Actor Path: /Game/MY3d/MAP/3dMap.3dMap:PersistentLevel.StaticMeshActor_UAID_309C23D270F0A0A701_1100498774
 |   |- Actor Package: /Game/__ExternalActors__/MY3d/MAP/3dMap/7/9U/7L5DDOA2635V039TI1H2DO
[+] Content of Grid Level 1

